La solución del cache : 
vias[0]:
  bloques[0]:
    palabra[0]: 16
vias[1]:
  bloques[0]:
    palabra[0]: 1
vias[2]:
  bloques[0]:
    palabra[0]: 2
vias[3]:
  bloques[0]:
    palabra[0]: 19
vias[4]:
  bloques[0]:
    palabra[0]: 20
vias[5]:
  bloques[0]:
    palabra[0]: 21
vias[6]:
  bloques[0]:
    palabra[0]: -1
vias[7]:
  bloques[0]:
    palabra[0]: 7
vias[8]:
  bloques[0]:
    palabra[0]: 24
vias[9]:
  bloques[0]:
    palabra[0]: 9
vias[10]:
  bloques[0]:
    palabra[0]: 10
vias[11]:
  bloques[0]:
    palabra[0]: 11
vias[12]:
  bloques[0]:
    palabra[0]: 12
vias[13]:
  bloques[0]:
    palabra[0]: -1
vias[14]:
  bloques[0]:
    palabra[0]: 30
vias[15]:
  bloques[0]:
    palabra[0]: 15
